<?xml version="1.0" encoding="UTF-8"?>
<!-- Generated by org.testng.reporters.JUnitReportReporter -->
<testsuite hostname="DESKTOP-OJU0P6V" failures="0" tests="10" name="com.qa.tests.IDX_DRNA" time="14.870" errors="0" timestamp="2024-03-04T10:27:48 IST" skipped="0">
  <testcase classname="com.qa.tests.IDX_DRNA" name="Credentilas" time="2.641"/>
  <system-out/>
  <testcase classname="com.qa.tests.IDX_DRNA" name="SearchReasonByClient" time="1.116"/>
  <system-out/>
  <testcase classname="com.qa.tests.IDX_DRNA" name="Searchreasonbyinputparameter" time="1.239"/>
  <system-out/>
  <testcase classname="com.qa.tests.IDX_DRNA" name="CitizenSearchShipOwn" time="1.610"/>
  <system-out/>
  <testcase classname="com.qa.tests.IDX_DRNA" name="CitizenSearchTickets" time="1.262"/>
  <system-out/>
  <testcase classname="com.qa.tests.IDX_DRNA" name="CitizenSearchTicketTransaction" time="1.165"/>
  <system-out/>
  <testcase classname="com.qa.tests.IDX_DRNA" name="CitizenSearchShipRenewal" time="1.259"/>
  <system-out/>
  <testcase classname="com.qa.tests.IDX_DRNA" name="CitizenSearchShipFees" time="1.518"/>
  <system-out/>
  <testcase classname="com.qa.tests.IDX_DRNA" name="CitizenDetails" time="1.361"/>
  <system-out/>
  <testcase classname="com.qa.tests.IDX_DRNA" name="CitizenRetryAgency" time="1.699"/>
  <system-out/>
</testsuite> <!-- com.qa.tests.IDX_DRNA -->
